 65: , Eta, 20000 ,Mean length of episode, 9.943399999999999
 74: , Eta, 110000 ,Mean length of episode, 9.89918
 54: , Eta, 120000 ,Mean length of episode, 9.88428
 91: , Eta, 70000 ,Mean length of episode, 9.924339999999999
 75: , Eta, 120000 ,Mean length of episode, 9.859499999999999
104: , Eta, 200000 ,Mean length of episode, 9.81384
 64: , Eta, 10000 ,Mean length of episode, 9.904020000000003
 78: , Eta, 150000 ,Mean length of episode, 9.8693
 73: , Eta, 100000 ,Mean length of episode, 9.86132
 23: , Eta, 20000 ,Mean length of episode, 9.92736
 77: , Eta, 140000 ,Mean length of episode, 9.87444
 51: , Eta, 90000 ,Mean length of episode, 9.889520000000001
103: , Eta, 190000 ,Mean length of episode, 9.8183
 22: , Eta, 10000 ,Mean length of episode, 9.91794
 39: , Eta, 180000 ,Mean length of episode, 9.875080000000004
 94: , Eta, 100000 ,Mean length of episode, 9.863079999999998
 96: , Eta, 120000 ,Mean length of episode, 9.86438
 24: , Eta, 30000 ,Mean length of episode, 9.9003
 62: , Eta, 200000 ,Mean length of episode, 9.872540000000004
 40: , Eta, 190000 ,Mean length of episode, 9.913860000000001
 95: , Eta, 110000 ,Mean length of episode, 9.819000000000003
 92: , Eta, 80000 ,Mean length of episode, 9.704360000000005
 76: , Eta, 130000 ,Mean length of episode, 9.694720000000009
 93: , Eta, 90000 ,Mean length of episode, 9.779000000000007
 48: , Eta, 60000 ,Mean length of episode, 9.88948
 53: , Eta, 110000 ,Mean length of episode, 9.845580000000002
 89: , Eta, 50000 ,Mean length of episode, 9.865460000000002
 87: , Eta, 30000 ,Mean length of episode, 9.8748
 85: , Eta, 10000 ,Mean length of episode, 9.8474
 88: , Eta, 40000 ,Mean length of episode, 9.795440000000003
  5: , Eta, 50000 ,Mean length of episode, 9.947799999999999
 90: , Eta, 60000 ,Mean length of episode, 9.723700000000004
 50: , Eta, 80000 ,Mean length of episode, 9.87658
 86: , Eta, 20000 ,Mean length of episode, 9.84402
 66: , Eta, 30000 ,Mean length of episode, 9.951299999999998
 44: , Eta, 20000 ,Mean length of episode, 9.890100000000002
 49: , Eta, 70000 ,Mean length of episode, 9.840300000000001
 52: , Eta, 100000 ,Mean length of episode, 9.834859999999999
 69: , Eta, 60000 ,Mean length of episode, 9.888060000000001
 12: , Eta, 120000 ,Mean length of episode, 9.786660000000003
 72: , Eta, 90000 ,Mean length of episode, 9.91196
  4: , Eta, 40000 ,Mean length of episode, 9.845020000000003
 46: , Eta, 40000 ,Mean length of episode, 9.908299999999999
  3: , Eta, 30000 ,Mean length of episode, 9.8411
 14: , Eta, 140000 ,Mean length of episode, 9.879760000000005
  2: , Eta, 20000 ,Mean length of episode, 9.84852
 71: , Eta, 80000 ,Mean length of episode, 9.95294
 37: , Eta, 160000 ,Mean length of episode, 9.89408
  6: , Eta, 60000 ,Mean length of episode, 9.8819
  8: , Eta, 80000 ,Mean length of episode, 9.88384
 68: , Eta, 50000 ,Mean length of episode, 9.861979999999999
 20: , Eta, 200000 ,Mean length of episode, 9.86186
 70: , Eta, 70000 ,Mean length of episode, 9.804500000000004
  9: , Eta, 90000 ,Mean length of episode, 9.823440000000002
 67: , Eta, 40000 ,Mean length of episode, 9.86118
  7: , Eta, 70000 ,Mean length of episode, 9.84098
 45: , Eta, 30000 ,Mean length of episode, 9.8623
 43: , Eta, 10000 ,Mean length of episode, 9.887360000000001
 47: , Eta, 50000 ,Mean length of episode, 9.92588
 41: , Eta, 200000 ,Mean length of episode, 9.851719999999998
 34: , Eta, 130000 ,Mean length of episode, 9.90366
  1: , Eta, 10000 ,Mean length of episode, 9.849440000000003
 17: , Eta, 170000 ,Mean length of episode, 9.819780000000002
 97: , Eta, 130000 ,Mean length of episode, 9.8965
 19: , Eta, 190000 ,Mean length of episode, 9.798540000000001
 55: , Eta, 130000 ,Mean length of episode, 9.85876
 60: , Eta, 180000 ,Mean length of episode, 9.811060000000003
 10: , Eta, 100000 ,Mean length of episode, 9.82934
 13: , Eta, 130000 ,Mean length of episode, 9.86902
 15: , Eta, 150000 ,Mean length of episode, 9.755160000000005
 57: , Eta, 150000 ,Mean length of episode, 9.8129
 59: , Eta, 170000 ,Mean length of episode, 9.87838
 81: , Eta, 180000 ,Mean length of episode, 9.88862
 11: , Eta, 110000 ,Mean length of episode, 9.777360000000003
 32: , Eta, 110000 ,Mean length of episode, 9.929
 18: , Eta, 180000 ,Mean length of episode, 9.710080000000007
 16: , Eta, 160000 ,Mean length of episode, 9.77764
 61: , Eta, 190000 ,Mean length of episode, 9.808240000000001
 27: , Eta, 60000 ,Mean length of episode, 9.806
 38: , Eta, 170000 ,Mean length of episode, 9.747180000000004
 58: , Eta, 160000 ,Mean length of episode, 9.81346
 36: , Eta, 150000 ,Mean length of episode, 9.679860000000009
 31: , Eta, 100000 ,Mean length of episode, 9.883659999999999
 33: , Eta, 120000 ,Mean length of episode, 9.785560000000002
 30: , Eta, 90000 ,Mean length of episode, 9.826419999999999
 35: , Eta, 140000 ,Mean length of episode, 9.88024
 56: , Eta, 140000 ,Mean length of episode, 9.800080000000003
 83: , Eta, 200000 ,Mean length of episode, 9.8752
 98: , Eta, 140000 ,Mean length of episode, 9.846260000000003
 99: , Eta, 150000 ,Mean length of episode, 9.896499999999998
101: , Eta, 170000 ,Mean length of episode, 9.833980000000002
100: , Eta, 160000 ,Mean length of episode, 9.88112
 26: , Eta, 50000 ,Mean length of episode, 9.824560000000002
102: , Eta, 180000 ,Mean length of episode, 9.723440000000005
 25: , Eta, 40000 ,Mean length of episode, 9.804520000000004
 29: , Eta, 80000 ,Mean length of episode, 9.732500000000002
 28: , Eta, 70000 ,Mean length of episode, 9.82496
 80: , Eta, 170000 ,Mean length of episode, 9.69332000000001
 79: , Eta, 160000 ,Mean length of episode, 9.8725
 82: , Eta, 190000 ,Mean length of episode, 9.720620000000006
 21: , Eta, 0 ,Mean length of episode, -9.441020000000677
 63: , Eta, 0 ,Mean length of episode, -8.487060000000668
 42: , Eta, 0 ,Mean length of episode, -9.2000200000007
  0: , Eta, 0 ,Mean length of episode, -10.00000000000073
 84: , Eta, 0 ,Mean length of episode, -9.56700000000069
