169: , Eta, 10000 ,Mean length of episode, 9.682240000000002
207: , Eta, 180000 ,Mean length of episode, 9.520640000000002
 88: , Eta, 40000 ,Mean length of episode, 9.539360000000002
 22: , Eta, 10000 ,Mean length of episode, 9.666360000000001
185: , Eta, 170000 ,Mean length of episode, 9.383360000000005
 64: , Eta, 10000 ,Mean length of episode, 9.564760000000005
190: , Eta, 10000 ,Mean length of episode, 9.75836
127: , Eta, 10000 ,Mean length of episode, 9.640160000000003
 65: , Eta, 20000 ,Mean length of episode, 9.33876000000001
114: , Eta, 90000 ,Mean length of episode, 9.243560000000016
183: , Eta, 150000 ,Mean length of episode, 9.374960000000014
 15: , Eta, 150000 ,Mean length of episode, 9.234120000000017
153: , Eta, 60000 ,Mean length of episode, 9.461200000000012
110: , Eta, 50000 ,Mean length of episode, 9.348760000000013
  3: , Eta, 30000 ,Mean length of episode, 9.508280000000003
 23: , Eta, 20000 ,Mean length of episode, 9.449160000000006
  2: , Eta, 20000 ,Mean length of episode, 9.314920000000022
131: , Eta, 50000 ,Mean length of episode, 9.350440000000013
191: , Eta, 20000 ,Mean length of episode, 9.151200000000022
 87: , Eta, 30000 ,Mean length of episode, 9.436400000000011
128: , Eta, 20000 ,Mean length of episode, 9.45088000000001
192: , Eta, 30000 ,Mean length of episode, 9.371360000000013
 86: , Eta, 20000 ,Mean length of episode, 9.476240000000008
 43: , Eta, 10000 ,Mean length of episode, 9.529160000000003
  6: , Eta, 60000 ,Mean length of episode, 9.425120000000014
  7: , Eta, 70000 ,Mean length of episode, 9.430080000000018
  1: , Eta, 10000 ,Mean length of episode, 9.53464000000001
113: , Eta, 80000 ,Mean length of episode, 9.340880000000013
194: , Eta, 50000 ,Mean length of episode, 9.329840000000019
 56: , Eta, 140000 ,Mean length of episode, 9.02364000000003
 66: , Eta, 30000 ,Mean length of episode, 9.39124000000001
181: , Eta, 130000 ,Mean length of episode, 9.353960000000013
  9: , Eta, 90000 ,Mean length of episode, 9.479000000000001
 53: , Eta, 110000 ,Mean length of episode, 9.38836000000001
142: , Eta, 160000 ,Mean length of episode, 9.249240000000011
198: , Eta, 90000 ,Mean length of episode, 9.261840000000012
117: , Eta, 120000 ,Mean length of episode, 9.225360000000014
193: , Eta, 40000 ,Mean length of episode, 9.390920000000015
 89: , Eta, 50000 ,Mean length of episode, 9.407280000000009
202: , Eta, 130000 ,Mean length of episode, 9.33880000000002
  4: , Eta, 40000 ,Mean length of episode, 9.443080000000005
129: , Eta, 30000 ,Mean length of episode, 9.548600000000008
188: , Eta, 200000 ,Mean length of episode, 9.088360000000005
107: , Eta, 20000 ,Mean length of episode, 9.590240000000007
149: , Eta, 20000 ,Mean length of episode, 9.348680000000012
152: , Eta, 50000 ,Mean length of episode, 9.256400000000012
206: , Eta, 170000 ,Mean length of episode, 9.38804000000001
 19: , Eta, 190000 ,Mean length of episode, 9.495400000000005
106: , Eta, 10000 ,Mean length of episode, 9.555520000000005
 31: , Eta, 100000 ,Mean length of episode, 9.32756000000002
 41: , Eta, 200000 ,Mean length of episode, 9.281400000000014
172: , Eta, 40000 ,Mean length of episode, 9.458600000000015
144: , Eta, 180000 ,Mean length of episode, 9.169800000000023
148: , Eta, 10000 ,Mean length of episode, 9.344360000000007
161: , Eta, 140000 ,Mean length of episode, 9.13184000000003
160: , Eta, 130000 ,Mean length of episode, 9.350040000000012
  8: , Eta, 80000 ,Mean length of episode, 9.289560000000016
 16: , Eta, 160000 ,Mean length of episode, 9.291360000000013
 98: , Eta, 140000 ,Mean length of episode, 9.069360000000033
 27: , Eta, 60000 ,Mean length of episode, 9.19440000000002
201: , Eta, 120000 ,Mean length of episode, 9.10568000000004
 10: , Eta, 100000 ,Mean length of episode, 9.25684000000002
 67: , Eta, 40000 ,Mean length of episode, 9.416920000000012
 68: , Eta, 50000 ,Mean length of episode, 9.462320000000005
154: , Eta, 70000 ,Mean length of episode, 9.15024000000003
120: , Eta, 150000 ,Mean length of episode, 9.569880000000008
175: , Eta, 70000 ,Mean length of episode, 9.13888000000003
177: , Eta, 90000 ,Mean length of episode, 9.060920000000035
124: , Eta, 190000 ,Mean length of episode, 9.173400000000026
 38: , Eta, 170000 ,Mean length of episode, 9.349640000000017
 73: , Eta, 100000 ,Mean length of episode, 9.240520000000027
 50: , Eta, 80000 ,Mean length of episode, 9.076800000000004
 45: , Eta, 30000 ,Mean length of episode, 9.578360000000002
 91: , Eta, 70000 ,Mean length of episode, 9.27064000000001
151: , Eta, 40000 ,Mean length of episode, 9.408160000000015
 33: , Eta, 120000 ,Mean length of episode, 9.127520000000027
 96: , Eta, 120000 ,Mean length of episode, 9.308920000000017
170: , Eta, 20000 ,Mean length of episode, 9.546240000000001
197: , Eta, 80000 ,Mean length of episode, 9.134320000000029
146: , Eta, 200000 ,Mean length of episode, 8.984640000000047
 30: , Eta, 90000 ,Mean length of episode, 9.363000000000014
132: , Eta, 60000 ,Mean length of episode, 9.362400000000012
 69: , Eta, 60000 ,Mean length of episode, 9.347520000000019
 24: , Eta, 30000 ,Mean length of episode, 9.236000000000008
 11: , Eta, 110000 ,Mean length of episode, 9.020880000000012
102: , Eta, 180000 ,Mean length of episode, 9.243280000000023
104: , Eta, 200000 ,Mean length of episode, 9.391200000000012
179: , Eta, 110000 ,Mean length of episode, 9.372480000000007
 44: , Eta, 20000 ,Mean length of episode, 9.446880000000007
112: , Eta, 70000 ,Mean length of episode, 9.467560000000008
133: , Eta, 70000 ,Mean length of episode, 9.252560000000026
 13: , Eta, 130000 ,Mean length of episode, 9.323040000000018
130: , Eta, 40000 ,Mean length of episode, 9.220160000000023
178: , Eta, 100000 ,Mean length of episode, 9.236000000000024
 57: , Eta, 150000 ,Mean length of episode, 9.121440000000014
109: , Eta, 40000 ,Mean length of episode, 9.153400000000028
 46: , Eta, 40000 ,Mean length of episode, 9.337080000000016
 72: , Eta, 90000 ,Mean length of episode, 9.274360000000023
108: , Eta, 30000 ,Mean length of episode, 8.929400000000035
121: , Eta, 160000 ,Mean length of episode, 8.912160000000009
116: , Eta, 110000 ,Mean length of episode, 9.10840000000003
134: , Eta, 80000 ,Mean length of episode, 8.935640000000031
187: , Eta, 190000 ,Mean length of episode, 9.033600000000034
 17: , Eta, 170000 ,Mean length of episode, 8.945080000000043
171: , Eta, 30000 ,Mean length of episode, 9.489800000000008
 49: , Eta, 70000 ,Mean length of episode, 9.047920000000039
 32: , Eta, 110000 ,Mean length of episode, 9.218600000000023
135: , Eta, 90000 ,Mean length of episode, 9.240960000000017
103: , Eta, 190000 ,Mean length of episode, 9.490400000000003
164: , Eta, 170000 ,Mean length of episode, 8.950080000000037
167: , Eta, 200000 ,Mean length of episode, 9.087760000000035
 79: , Eta, 160000 ,Mean length of episode, 9.162640000000023
195: , Eta, 60000 ,Mean length of episode, 9.247400000000026
 81: , Eta, 180000 ,Mean length of episode, 9.259680000000023
200: , Eta, 110000 ,Mean length of episode, 9.274680000000018
 40: , Eta, 190000 ,Mean length of episode, 9.35464000000001
174: , Eta, 60000 ,Mean length of episode, 9.025960000000024
 20: , Eta, 200000 ,Mean length of episode, 9.324760000000023
 59: , Eta, 170000 ,Mean length of episode, 9.139280000000028
 18: , Eta, 180000 ,Mean length of episode, 9.25484000000002
 29: , Eta, 80000 ,Mean length of episode, 9.139680000000025
 75: , Eta, 120000 ,Mean length of episode, 9.146320000000026
 95: , Eta, 110000 ,Mean length of episode, 9.02832000000004
 62: , Eta, 200000 ,Mean length of episode, 9.054880000000036
143: , Eta, 170000 ,Mean length of episode, 9.335160000000016
122: , Eta, 170000 ,Mean length of episode, 9.20640000000002
 78: , Eta, 150000 ,Mean length of episode, 9.095000000000034
 85: , Eta, 10000 ,Mean length of episode, 9.68336
 60: , Eta, 180000 ,Mean length of episode, 9.28952000000002
125: , Eta, 200000 ,Mean length of episode, 9.218040000000025
182: , Eta, 140000 ,Mean length of episode, 9.28188000000002
 26: , Eta, 50000 ,Mean length of episode, 9.271080000000017
180: , Eta, 120000 ,Mean length of episode, 8.767280000000058
 99: , Eta, 150000 ,Mean length of episode, 9.28440000000002
 55: , Eta, 130000 ,Mean length of episode, 9.08196000000004
 92: , Eta, 80000 ,Mean length of episode, 8.909440000000052
139: , Eta, 130000 ,Mean length of episode, 9.076080000000028
118: , Eta, 130000 ,Mean length of episode, 8.86952
 12: , Eta, 120000 ,Mean length of episode, 9.244160000000027
173: , Eta, 50000 ,Mean length of episode, 9.115000000000032
 83: , Eta, 200000 ,Mean length of episode, 9.102440000000039
136: , Eta, 100000 ,Mean length of episode, 9.103880000000032
199: , Eta, 100000 ,Mean length of episode, 9.085240000000027
 76: , Eta, 130000 ,Mean length of episode, 9.25332000000002
 51: , Eta, 90000 ,Mean length of episode, 9.062560000000037
163: , Eta, 160000 ,Mean length of episode, 8.973960000000018
111: , Eta, 60000 ,Mean length of episode, 9.327880000000016
 36: , Eta, 150000 ,Mean length of episode, 9.068840000000035
 34: , Eta, 130000 ,Mean length of episode, 9.03988000000004
 82: , Eta, 190000 ,Mean length of episode, 9.227880000000017
123: , Eta, 180000 ,Mean length of episode, 9.005320000000042
150: , Eta, 30000 ,Mean length of episode, 8.686200000000024
138: , Eta, 120000 ,Mean length of episode, 8.961360000000035
 97: , Eta, 130000 ,Mean length of episode, 8.752040000000049
165: , Eta, 180000 ,Mean length of episode, 8.985120000000038
 28: , Eta, 70000 ,Mean length of episode, 8.704960000000007
145: , Eta, 190000 ,Mean length of episode, 9.234120000000017
 39: , Eta, 180000 ,Mean length of episode, 9.188480000000027
186: , Eta, 180000 ,Mean length of episode, 8.85448000000005
 90: , Eta, 60000 ,Mean length of episode, 9.174520000000031
162: , Eta, 150000 ,Mean length of episode, 9.306880000000016
100: , Eta, 160000 ,Mean length of episode, 8.904880000000038
176: , Eta, 80000 ,Mean length of episode, 8.951960000000003
 93: , Eta, 90000 ,Mean length of episode, 8.982560000000035
166: , Eta, 190000 ,Mean length of episode, 8.90808
 52: , Eta, 100000 ,Mean length of episode, 8.965160000000044
 77: , Eta, 140000 ,Mean length of episode, 9.049920000000036
205: , Eta, 160000 ,Mean length of episode, 9.095280000000031
101: , Eta, 170000 ,Mean length of episode, 8.72176000000006
 61: , Eta, 190000 ,Mean length of episode, 9.226760000000027
184: , Eta, 160000 ,Mean length of episode, 8.96688000000004
 47: , Eta, 50000 ,Mean length of episode, 9.337920000000018
  5: , Eta, 50000 ,Mean length of episode, 9.307480000000009
 71: , Eta, 80000 ,Mean length of episode, 8.734320000000027
 14: , Eta, 140000 ,Mean length of episode, 9.271640000000025
 48: , Eta, 60000 ,Mean length of episode, 9.19116000000003
204: , Eta, 150000 ,Mean length of episode, 8.855720000000046
141: , Eta, 150000 ,Mean length of episode, 8.996200000000043
158: , Eta, 110000 ,Mean length of episode, 9.233280000000024
 54: , Eta, 120000 ,Mean length of episode, 8.669560000000061
 70: , Eta, 70000 ,Mean length of episode, 9.175680000000028
209: , Eta, 200000 ,Mean length of episode, 8.83088000000003
 58: , Eta, 160000 ,Mean length of episode, 9.111240000000034
 35: , Eta, 140000 ,Mean length of episode, 8.866040000000005
208: , Eta, 190000 ,Mean length of episode, 8.955240000000039
159: , Eta, 120000 ,Mean length of episode, 8.945880000000006
140: , Eta, 140000 ,Mean length of episode, 9.14088000000004
 94: , Eta, 100000 ,Mean length of episode, 8.92160000000002
 80: , Eta, 170000 ,Mean length of episode, 9.19000000000002
115: , Eta, 100000 ,Mean length of episode, 9.28492000000002
196: , Eta, 70000 ,Mean length of episode, 8.965120000000024
119: , Eta, 140000 ,Mean length of episode, 9.129200000000024
156: , Eta, 90000 ,Mean length of episode, 8.670080000000064
137: , Eta, 110000 ,Mean length of episode, 8.863200000000043
 74: , Eta, 110000 ,Mean length of episode, 9.246200000000023
 37: , Eta, 160000 ,Mean length of episode, 9.072160000000027
 25: , Eta, 40000 ,Mean length of episode, 9.104920000000034
203: , Eta, 140000 ,Mean length of episode, 9.180240000000026
157: , Eta, 100000 ,Mean length of episode, 9.24400000000003
155: , Eta, 80000 ,Mean length of episode, 8.79444000000001
 42: , Eta, 0 ,Mean length of episode, -9.999999999999897
 63: , Eta, 0 ,Mean length of episode, -9.1999999999999
147: , Eta, 0 ,Mean length of episode, -9.999999999999897
105: , Eta, 0 ,Mean length of episode, -9.1999999999999
168: , Eta, 0 ,Mean length of episode, -9.1999999999999
 21: , Eta, 0 ,Mean length of episode, -9.1999999999999
126: , Eta, 0 ,Mean length of episode, -9.1999999999999
  0: , Eta, 0 ,Mean length of episode, -9.999999999999897
189: , Eta, 0 ,Mean length of episode, -9.999999999999897
 84: , Eta, 0 ,Mean length of episode, -9.999999999999897
