190: , Eta, 10000 ,Mean length of episode, 9.545360000000004
170: , Eta, 20000 ,Mean length of episode, 9.49708000000001
199: , Eta, 100000 ,Mean length of episode, 9.390200000000007
 32: , Eta, 110000 ,Mean length of episode, 9.326240000000015
148: , Eta, 10000 ,Mean length of episode, 9.637160000000002
  1: , Eta, 10000 ,Mean length of episode, 9.534520000000011
 85: , Eta, 10000 ,Mean length of episode, 9.65296
150: , Eta, 30000 ,Mean length of episode, 9.341760000000011
 23: , Eta, 20000 ,Mean length of episode, 9.220160000000023
149: , Eta, 20000 ,Mean length of episode, 9.542760000000005
 64: , Eta, 10000 ,Mean length of episode, 9.14088000000003
 69: , Eta, 60000 ,Mean length of episode, 9.540840000000008
169: , Eta, 10000 ,Mean length of episode, 9.39512000000001
128: , Eta, 20000 ,Mean length of episode, 9.328560000000016
197: , Eta, 80000 ,Mean length of episode, 9.25088000000001
108: , Eta, 30000 ,Mean length of episode, 9.6426
 25: , Eta, 40000 ,Mean length of episode, 9.544480000000007
191: , Eta, 20000 ,Mean length of episode, 9.432520000000006
 86: , Eta, 20000 ,Mean length of episode, 9.288040000000011
 35: , Eta, 140000 ,Mean length of episode, 9.369200000000006
 43: , Eta, 10000 ,Mean length of episode, 9.26256000000001
 73: , Eta, 100000 ,Mean length of episode, 9.398840000000007
130: , Eta, 40000 ,Mean length of episode, 9.38608000000002
 90: , Eta, 60000 ,Mean length of episode, 9.424800000000014
113: , Eta, 80000 ,Mean length of episode, 9.37400000000001
202: , Eta, 130000 ,Mean length of episode, 9.196880000000025
 38: , Eta, 170000 ,Mean length of episode, 9.470840000000004
182: , Eta, 140000 ,Mean length of episode, 9.500040000000007
158: , Eta, 110000 ,Mean length of episode, 9.096720000000023
 48: , Eta, 60000 ,Mean length of episode, 9.334200000000017
183: , Eta, 150000 ,Mean length of episode, 9.313800000000022
153: , Eta, 60000 ,Mean length of episode, 9.307280000000018
 94: , Eta, 100000 ,Mean length of episode, 9.512560000000004
200: , Eta, 110000 ,Mean length of episode, 9.37532000000001
127: , Eta, 10000 ,Mean length of episode, 9.535240000000005
 45: , Eta, 30000 ,Mean length of episode, 9.336480000000016
106: , Eta, 10000 ,Mean length of episode, 9.581520000000003
 46: , Eta, 40000 ,Mean length of episode, 9.121680000000023
118: , Eta, 130000 ,Mean length of episode, 9.191520000000027
172: , Eta, 40000 ,Mean length of episode, 9.451480000000009
  8: , Eta, 80000 ,Mean length of episode, 9.392800000000012
 27: , Eta, 60000 ,Mean length of episode, 8.997240000000026
131: , Eta, 50000 ,Mean length of episode, 9.43664000000001
137: , Eta, 110000 ,Mean length of episode, 9.178159999999982
159: , Eta, 120000 ,Mean length of episode, 9.192120000000012
155: , Eta, 80000 ,Mean length of episode, 9.262280000000015
110: , Eta, 50000 ,Mean length of episode, 9.380640000000012
125: , Eta, 200000 ,Mean length of episode, 9.09504000000003
173: , Eta, 50000 ,Mean length of episode, 9.38520000000001
192: , Eta, 30000 ,Mean length of episode, 9.379200000000004
 65: , Eta, 20000 ,Mean length of episode, 9.184720000000027
174: , Eta, 60000 ,Mean length of episode, 9.22488000000002
 66: , Eta, 30000 ,Mean length of episode, 9.184200000000027
 24: , Eta, 30000 ,Mean length of episode, 9.168720000000029
201: , Eta, 120000 ,Mean length of episode, 9.06684000000004
129: , Eta, 30000 ,Mean length of episode, 9.22484000000002
133: , Eta, 70000 ,Mean length of episode, 9.275600000000018
138: , Eta, 120000 ,Mean length of episode, 9.220080000000017
 11: , Eta, 110000 ,Mean length of episode, 9.13096000000003
 70: , Eta, 70000 ,Mean length of episode, 9.18748000000002
151: , Eta, 40000 ,Mean length of episode, 9.379240000000012
 26: , Eta, 50000 ,Mean length of episode, 9.235040000000021
142: , Eta, 160000 ,Mean length of episode, 9.30112000000002
 37: , Eta, 160000 ,Mean length of episode, 9.212360000000023
  6: , Eta, 60000 ,Mean length of episode, 9.275280000000015
107: , Eta, 20000 ,Mean length of episode, 9.520040000000003
144: , Eta, 180000 ,Mean length of episode, 9.223840000000024
 31: , Eta, 100000 ,Mean length of episode, 9.447400000000018
  3: , Eta, 30000 ,Mean length of episode, 9.12132000000002
 61: , Eta, 190000 ,Mean length of episode, 9.232600000000017
116: , Eta, 110000 ,Mean length of episode, 9.006120000000035
  7: , Eta, 70000 ,Mean length of episode, 9.317280000000013
 44: , Eta, 20000 ,Mean length of episode, 9.507160000000008
134: , Eta, 80000 ,Mean length of episode, 9.261240000000017
152: , Eta, 50000 ,Mean length of episode, 9.345040000000019
  5: , Eta, 50000 ,Mean length of episode, 8.968760000000039
 15: , Eta, 150000 ,Mean length of episode, 9.131960000000028
 14: , Eta, 140000 ,Mean length of episode, 9.219360000000018
  4: , Eta, 40000 ,Mean length of episode, 9.092840000000031
 59: , Eta, 170000 ,Mean length of episode, 9.339440000000018
175: , Eta, 70000 ,Mean length of episode, 9.233600000000019
 50: , Eta, 80000 ,Mean length of episode, 9.162960000000018
102: , Eta, 180000 ,Mean length of episode, 9.06468000000003
114: , Eta, 90000 ,Mean length of episode, 8.971240000000032
 82: , Eta, 190000 ,Mean length of episode, 9.251280000000014
171: , Eta, 30000 ,Mean length of episode, 9.049560000000035
111: , Eta, 60000 ,Mean length of episode, 9.12328000000003
  9: , Eta, 90000 ,Mean length of episode, 9.185240000000016
135: , Eta, 90000 ,Mean length of episode, 9.396680000000018
 79: , Eta, 160000 ,Mean length of episode, 9.10052000000003
 52: , Eta, 100000 ,Mean length of episode, 9.408480000000008
206: , Eta, 170000 ,Mean length of episode, 9.330440000000012
 18: , Eta, 180000 ,Mean length of episode, 9.117920000000035
 53: , Eta, 110000 ,Mean length of episode, 9.008960000000032
 22: , Eta, 10000 ,Mean length of episode, 9.373000000000017
193: , Eta, 40000 ,Mean length of episode, 9.209799999999996
104: , Eta, 200000 ,Mean length of episode, 9.20092000000002
140: , Eta, 140000 ,Mean length of episode, 9.34632000000001
 88: , Eta, 40000 ,Mean length of episode, 9.282520000000016
178: , Eta, 100000 ,Mean length of episode, 8.890599999999983
180: , Eta, 120000 ,Mean length of episode, 9.079000000000027
156: , Eta, 90000 ,Mean length of episode, 9.165680000000027
 74: , Eta, 110000 ,Mean length of episode, 9.465480000000005
  2: , Eta, 20000 ,Mean length of episode, 9.148599999999993
 47: , Eta, 50000 ,Mean length of episode, 8.950920000000043
154: , Eta, 70000 ,Mean length of episode, 9.225240000000017
 91: , Eta, 70000 ,Mean length of episode, 9.236640000000016
 98: , Eta, 140000 ,Mean length of episode, 9.112200000000009
181: , Eta, 130000 ,Mean length of episode, 8.891160000000035
186: , Eta, 180000 ,Mean length of episode, 9.107160000000029
166: , Eta, 190000 ,Mean length of episode, 9.51988000000001
 89: , Eta, 50000 ,Mean length of episode, 9.243920000000019
 62: , Eta, 200000 ,Mean length of episode, 9.04460000000003
 72: , Eta, 90000 ,Mean length of episode, 9.158280000000016
120: , Eta, 150000 ,Mean length of episode, 9.205560000000007
 29: , Eta, 80000 ,Mean length of episode, 8.954720000000036
195: , Eta, 60000 ,Mean length of episode, 9.004000000000028
 13: , Eta, 130000 ,Mean length of episode, 9.027520000000044
 40: , Eta, 190000 ,Mean length of episode, 8.926120000000042
207: , Eta, 180000 ,Mean length of episode, 9.158800000000026
179: , Eta, 110000 ,Mean length of episode, 9.043040000000031
162: , Eta, 150000 ,Mean length of episode, 9.086760000000025
176: , Eta, 80000 ,Mean length of episode, 9.027040000000031
 36: , Eta, 150000 ,Mean length of episode, 9.10640000000003
 67: , Eta, 40000 ,Mean length of episode, 9.10588000000002
 51: , Eta, 90000 ,Mean length of episode, 9.035400000000024
 34: , Eta, 130000 ,Mean length of episode, 9.245640000000016
203: , Eta, 140000 ,Mean length of episode, 9.045360000000032
136: , Eta, 100000 ,Mean length of episode, 9.030160000000041
 49: , Eta, 70000 ,Mean length of episode, 8.764760000000011
 71: , Eta, 80000 ,Mean length of episode, 9.167920000000029
146: , Eta, 200000 ,Mean length of episode, 9.42068000000001
 19: , Eta, 190000 ,Mean length of episode, 8.823840000000004
123: , Eta, 180000 ,Mean length of episode, 9.254400000000018
 99: , Eta, 150000 ,Mean length of episode, 9.167880000000023
 75: , Eta, 120000 ,Mean length of episode, 9.134560000000032
164: , Eta, 170000 ,Mean length of episode, 8.965800000000014
165: , Eta, 180000 ,Mean length of episode, 9.100200000000031
 56: , Eta, 140000 ,Mean length of episode, 8.770360000000048
 30: , Eta, 90000 ,Mean length of episode, 9.220080000000017
205: , Eta, 160000 ,Mean length of episode, 8.946120000000036
163: , Eta, 160000 ,Mean length of episode, 9.421280000000007
112: , Eta, 70000 ,Mean length of episode, 8.931720000000027
161: , Eta, 140000 ,Mean length of episode, 9.171480000000022
 68: , Eta, 50000 ,Mean length of episode, 9.25368000000002
 54: , Eta, 120000 ,Mean length of episode, 9.212200000000028
101: , Eta, 170000 ,Mean length of episode, 9.131720000000024
157: , Eta, 100000 ,Mean length of episode, 9.050360000000035
 76: , Eta, 130000 ,Mean length of episode, 8.921800000000042
132: , Eta, 60000 ,Mean length of episode, 9.272680000000022
204: , Eta, 150000 ,Mean length of episode, 9.09832000000003
 83: , Eta, 200000 ,Mean length of episode, 9.209920000000023
 10: , Eta, 100000 ,Mean length of episode, 9.08536000000003
 20: , Eta, 200000 ,Mean length of episode, 8.74452000000005
119: , Eta, 140000 ,Mean length of episode, 8.78451999999999
 58: , Eta, 160000 ,Mean length of episode, 9.015680000000032
167: , Eta, 200000 ,Mean length of episode, 9.21536000000003
 39: , Eta, 180000 ,Mean length of episode, 8.904200000000042
 87: , Eta, 30000 ,Mean length of episode, 9.347240000000017
 95: , Eta, 110000 ,Mean length of episode, 8.776200000000017
 16: , Eta, 160000 ,Mean length of episode, 9.111880000000031
141: , Eta, 150000 ,Mean length of episode, 8.772520000000013
 33: , Eta, 120000 ,Mean length of episode, 8.905600000000033
139: , Eta, 130000 ,Mean length of episode, 9.125240000000025
143: , Eta, 170000 ,Mean length of episode, 9.141560000000029
 81: , Eta, 180000 ,Mean length of episode, 8.841840000000053
103: , Eta, 190000 ,Mean length of episode, 9.040640000000039
 80: , Eta, 170000 ,Mean length of episode, 9.00992000000004
 57: , Eta, 150000 ,Mean length of episode, 8.867000000000038
 97: , Eta, 130000 ,Mean length of episode, 9.220760000000027
 41: , Eta, 200000 ,Mean length of episode, 8.780720000000052
 93: , Eta, 90000 ,Mean length of episode, 9.03956000000003
196: , Eta, 70000 ,Mean length of episode, 9.160320000000027
177: , Eta, 90000 ,Mean length of episode, 9.343120000000008
115: , Eta, 100000 ,Mean length of episode, 9.40556000000001
187: , Eta, 190000 ,Mean length of episode, 9.057520000000027
 55: , Eta, 130000 ,Mean length of episode, 8.807360000000024
122: , Eta, 170000 ,Mean length of episode, 8.467040000000019
208: , Eta, 190000 ,Mean length of episode, 9.203920000000009
209: , Eta, 200000 ,Mean length of episode, 9.030080000000034
121: , Eta, 160000 ,Mean length of episode, 8.938440000000044
184: , Eta, 160000 ,Mean length of episode, 9.114280000000031
 96: , Eta, 120000 ,Mean length of episode, 9.170720000000033
 28: , Eta, 70000 ,Mean length of episode, 9.050360000000007
145: , Eta, 190000 ,Mean length of episode, 9.116000000000025
 77: , Eta, 140000 ,Mean length of episode, 9.031919999999996
 60: , Eta, 180000 ,Mean length of episode, 8.921520000000044
198: , Eta, 90000 ,Mean length of episode, 8.816360000000053
188: , Eta, 200000 ,Mean length of episode, 9.079120000000032
117: , Eta, 120000 ,Mean length of episode, 9.461760000000004
 12: , Eta, 120000 ,Mean length of episode, 9.300640000000023
109: , Eta, 40000 ,Mean length of episode, 9.049760000000038
124: , Eta, 190000 ,Mean length of episode, 8.963240000000035
 78: , Eta, 150000 ,Mean length of episode, 9.047640000000035
160: , Eta, 130000 ,Mean length of episode, 9.149040000000037
 92: , Eta, 80000 ,Mean length of episode, 9.08392000000003
 17: , Eta, 170000 ,Mean length of episode, 8.656680000000057
185: , Eta, 170000 ,Mean length of episode, 8.598920000000039
194: , Eta, 50000 ,Mean length of episode, 8.603480000000024
100: , Eta, 160000 ,Mean length of episode, 8.625799999999982
 42: , Eta, 0 ,Mean length of episode, -9.1999999999999
 63: , Eta, 0 ,Mean length of episode, -9.999999999999897
105: , Eta, 0 ,Mean length of episode, -9.999999999999897
  0: , Eta, 0 ,Mean length of episode, -9.999999999999897
 84: , Eta, 0 ,Mean length of episode, -9.1999999999999
189: , Eta, 0 ,Mean length of episode, -9.999999999999897
168: , Eta, 0 ,Mean length of episode, -9.999999999999897
126: , Eta, 0 ,Mean length of episode, -9.999999999999897
147: , Eta, 0 ,Mean length of episode, -9.999999999999897
 21: , Eta, 0 ,Mean length of episode, -9.999999999999897
